[debug] [2023-02-08T17:48:01.616Z] ----------------------------------------------------------------------
[debug] [2023-02-08T17:48:01.619Z] Command:       C:\Program Files\nodejs\node.exe C:\Users\ASUS Vivobook\AppData\Roaming\npm\node_modules\firebase-tools\lib\bin\firebase.js init
[debug] [2023-02-08T17:48:01.620Z] CLI Version:   11.22.0
[debug] [2023-02-08T17:48:01.621Z] Platform:      win32
[debug] [2023-02-08T17:48:01.621Z] Node Version:  v16.17.0
[debug] [2023-02-08T17:48:01.623Z] Time:          Wed Feb 08 2023 19:48:01 GMT+0200 (Eastern European Standard Time)
[debug] [2023-02-08T17:48:01.623Z] ----------------------------------------------------------------------
[debug] 
[debug] [2023-02-08T17:48:01.636Z] > command requires scopes: ["email","openid","https://www.googleapis.com/auth/cloudplatformprojects.readonly","https://www.googleapis.com/auth/firebase","https://www.googleapis.com/auth/cloud-platform"]
[debug] [2023-02-08T17:48:01.637Z] > authorizing via signed-in user (mirunajurubita@yahoo.ro)
[info] 
     ######## #### ########  ######## ########     ###     ######  ########
     ##        ##  ##     ## ##       ##     ##  ##   ##  ##       ##
     ######    ##  ########  ######   ########  #########  ######  ######
     ##        ##  ##    ##  ##       ##     ## ##     ##       ## ##
     ##       #### ##     ## ######## ########  ##     ##  ######  ########

You're about to initialize a Firebase project in this directory:

  C:\Proiecte\employees_management

Before we get started, keep in mind:

  * You are currently outside your home directory

[info] 
=== Project Setup
[info] 
[info] First, let's associate this project directory with a Firebase project.
[info] You can create multiple project aliases by running firebase use --add, 
[info] but for now we'll just set up a default project.
[info] 
[debug] [2023-02-08T17:48:16.389Z] > refreshing access token with scopes: []
[debug] [2023-02-08T17:48:16.392Z] >>> [apiv2][query] POST https://www.googleapis.com/oauth2/v3/token [none]
[debug] [2023-02-08T17:48:16.392Z] >>> [apiv2][body] POST https://www.googleapis.com/oauth2/v3/token [omitted]
[debug] [2023-02-08T17:48:16.666Z] <<< [apiv2][status] POST https://www.googleapis.com/oauth2/v3/token 200
[debug] [2023-02-08T17:48:16.666Z] <<< [apiv2][body] POST https://www.googleapis.com/oauth2/v3/token [omitted]
[debug] [2023-02-08T17:48:16.678Z] >>> [apiv2][query] GET https://firebase.googleapis.com/v1beta1/projects pageSize=100
[debug] [2023-02-08T17:48:17.369Z] <<< [apiv2][status] GET https://firebase.googleapis.com/v1beta1/projects 200
[debug] [2023-02-08T17:48:17.369Z] <<< [apiv2][body] GET https://firebase.googleapis.com/v1beta1/projects [omitted]
[info] i  Using project employeesmanagementnotif (EmployeesManagementNotif) 
[info] 
=== Hosting Setup
[info] 
[info] Your public directory is the folder (relative to your project directory) that
[info] will contain Hosting assets to be uploaded with firebase deploy. If you
[info] have a build process for your assets, use your build's output directory.
[info] 
[debug] [2023-02-08T17:48:51.505Z] ----------------------------------------------------------------------
[debug] [2023-02-08T17:48:51.509Z] Command:       C:\Program Files\nodejs\node.exe C:\Users\ASUS Vivobook\AppData\Roaming\npm\node_modules\firebase-tools\lib\bin\firebase.js init
[debug] [2023-02-08T17:48:51.510Z] CLI Version:   11.22.0
[debug] [2023-02-08T17:48:51.510Z] Platform:      win32
[debug] [2023-02-08T17:48:51.510Z] Node Version:  v16.17.0
[debug] [2023-02-08T17:48:51.512Z] Time:          Wed Feb 08 2023 19:48:51 GMT+0200 (Eastern European Standard Time)
[debug] [2023-02-08T17:48:51.513Z] ----------------------------------------------------------------------
[debug] 
[debug] [2023-02-08T17:48:51.526Z] > command requires scopes: ["email","openid","https://www.googleapis.com/auth/cloudplatformprojects.readonly","https://www.googleapis.com/auth/firebase","https://www.googleapis.com/auth/cloud-platform"]
[debug] [2023-02-08T17:48:51.526Z] > authorizing via signed-in user (mirunajurubita@yahoo.ro)
[info] 
     ######## #### ########  ######## ########     ###     ######  ########
     ##        ##  ##     ## ##       ##     ##  ##   ##  ##       ##
     ######    ##  ########  ######   ########  #########  ######  ######
     ##        ##  ##    ##  ##       ##     ## ##     ##       ## ##
     ##       #### ##     ## ######## ########  ##     ##  ######  ########

You're about to initialize a Firebase project in this directory:

  C:\Proiecte\employees_management

Before we get started, keep in mind:

  * You are currently outside your home directory

[info] 
=== Project Setup
[info] 
[info] First, let's associate this project directory with a Firebase project.
[info] You can create multiple project aliases by running firebase use --add, 
[info] but for now we'll just set up a default project.
[info] 
